<component name="libraryTable">
  <library name="junit-4.13.2">
    <CLASSES>
      <root url="jar://$PROJECT_DIR$/../../../LIB_CONNECTOR/tomcat2/junit-4.13.2.jar!/" />
      <root url="jar://$PROJECT_DIR$/../../../LIB_CONNECTOR/tomcat2/junit-platform-console-standalone-1.10.0.jar!/" />
    </CLASSES>
    <JAVADOC />
    <SOURCES />
  </library>
</component>